<?xml version="1.0" encoding="UTF-8" ?>
<testsuite tests="4" failures="0" name="tdd.CalculaTest" time="0.106" errors="0" skipped="0">
  <properties>
    <property name="jansi.mode" value="force"/>
    <property name="java.runtime.name" value="OpenJDK Runtime Environment"/>
    <property name="java.vm.version" value="17.0.7+7"/>
    <property name="sun.boot.library.path" value="/Users/s.corderoc/.p2/pool/plugins/org.eclipse.justj.openjdk.hotspot.jre.full.macosx.aarch64_17.0.7.v20230425-1502/jre/lib"/>
    <property name="maven.multiModuleProjectDirectory" value="/Users/s.corderoc/eclipse-workspace/tdd"/>
    <property name="java.vm.vendor" value="Eclipse Adoptium"/>
    <property name="java.vendor.url" value="https://adoptium.net/"/>
    <property name="guice.disable.misplaced.annotation.check" value="true"/>
    <property name="path.separator" value=":"/>
    <property name="java.vm.name" value="OpenJDK 64-Bit Server VM"/>
    <property name="user.country" value="EC"/>
    <property name="sun.java.launcher" value="SUN_STANDARD"/>
    <property name="java.vm.specification.name" value="Java Virtual Machine Specification"/>
    <property name="user.dir" value="/Users/s.corderoc/eclipse-workspace/tdd"/>
    <property name="java.vm.compressedOopsMode" value="Zero based"/>
    <property name="java.runtime.version" value="17.0.7+7"/>
    <property name="os.arch" value="aarch64"/>
    <property name="java.io.tmpdir" value="/var/folders/8b/01hf3zm929z1lk19sl_x06vm0000gn/T/"/>
    <property name="line.separator" value="
"/>
    <property name="java.vm.specification.vendor" value="Oracle Corporation"/>
    <property name="os.name" value="Mac OS X"/>
    <property name="classworlds.conf" value="/Users/s.corderoc/eclipse-workspace/.metadata/.plugins/org.eclipse.m2e.launching/launches/m2conf12672782975920097499.tmp"/>
    <property name="sun.jnu.encoding" value="UTF-8"/>
    <property name="java.library.path" value="/Users/s.corderoc/Library/Java/Extensions:/Library/Java/Extensions:/Network/Library/Java/Extensions:/System/Library/Java/Extensions:/usr/lib/java:."/>
    <property name="jdk.debug" value="release"/>
    <property name="java.class.version" value="61.0"/>
    <property name="java.specification.name" value="Java Platform API Specification"/>
    <property name="sun.management.compiler" value="HotSpot 64-Bit Tiered Compilers"/>
    <property name="os.version" value="13.3.1"/>
    <property name="http.nonProxyHosts" value="local|*.local|169.254/16|*.169.254/16"/>
    <property name="user.home" value="/Users/s.corderoc"/>
    <property name="user.timezone" value="America/Guayaquil"/>
    <property name="file.encoding" value="UTF-8"/>
    <property name="java.specification.version" value="17"/>
    <property name="user.name" value="s.corderoc"/>
    <property name="java.class.path" value="/Users/s.corderoc/.p2/pool/plugins/org.eclipse.m2e.maven.runtime_3.8.701.20230209-1606/jars/plexus-classworlds-2.6.0.jar"/>
    <property name="java.vm.specification.version" value="17"/>
    <property name="sun.arch.data.model" value="64"/>
    <property name="sun.java.command" value="org.codehaus.plexus.classworlds.launcher.Launcher -B -Dstyle.color=always clean install"/>
    <property name="java.home" value="/Users/s.corderoc/.p2/pool/plugins/org.eclipse.justj.openjdk.hotspot.jre.full.macosx.aarch64_17.0.7.v20230425-1502/jre"/>
    <property name="user.language" value="es"/>
    <property name="java.specification.vendor" value="Oracle Corporation"/>
    <property name="java.vm.info" value="mixed mode"/>
    <property name="java.version" value="17.0.7"/>
    <property name="native.encoding" value="UTF-8"/>
    <property name="java.vendor" value="Eclipse Adoptium"/>
    <property name="maven.home" value="/Users/s.corderoc/eclipse-workspace/tdd/EMBEDDED"/>
    <property name="style.color" value="always"/>
    <property name="file.separator" value="/"/>
    <property name="java.version.date" value="2023-04-18"/>
    <property name="java.vendor.url.bug" value="https://github.com/adoptium/adoptium-support/issues"/>
    <property name="sun.io.unicode.encoding" value="UnicodeBig"/>
    <property name="sun.cpu.endian" value="little"/>
    <property name="java.vendor.version" value="Temurin-17.0.7+7"/>
    <property name="m2e.build.project.data.socket.port" value="54769"/>
    <property name="socksNonProxyHosts" value="local|*.local|169.254/16|*.169.254/16"/>
    <property name="ftp.nonProxyHosts" value="local|*.local|169.254/16|*.169.254/16"/>
  </properties>
  <testcase classname="tdd.CalculaTest" name="devuelveCuandoDivisionTengaException" time="0"/>
  <testcase classname="tdd.CalculaTest" name="devuelveSumaOK" time="0"/>
  <testcase classname="tdd.CalculaTest" name="devuelveMultiplicacionOK" time="0.106"/>
  <testcase classname="tdd.CalculaTest" name="devuelveRestaOK" time="0"/>
</testsuite>